Arguments: 
  D:\soft\NodeJs\node.exe C:\Users\zhou_luo\AppData\Roaming\npm\node_modules\yarn\bin\yarn.js install

PATH: 
  C:\Program Files (x86)\Common Files\Oracle\Java\javapath;D:\soft\mysql\bin;c:\windows\system32;D:\soft\jdk1.8\bin;D:\soft\jdk1.8\jre\bin;D:\soft\NodeJs;D:\soft\apache-maven-3.6.1\bin;C:\Users\zhou_luo\AppData\Local\Yarn\bin;C:\Users\zhou_luo\AppData\Local\Microsoft\WindowsApps;C:\Users\zhou_luo\AppData\Roaming\npm;D:\soft\vscode\vsCode\bin;C:\Users\zhou_luo\AppData\Local\Programs\Fiddler

Yarn version: 
  1.22.4

Node version: 
  14.4.0

Platform: 
  win32 x64

Trace: 
  Error: ENOENT: no such file or directory, copyfile 'C:\Users\zhou_luo\AppData\Local\Yarn\Cache\v6\npm-make-dir-2.1.0-5f0310e18b8be898cc07009295a30ae41e91e6f5-integrity\node_modules\make-dir\index.d.ts' -> 'D:\code\code\messy-project-react\project-r\node_modules\af-webpack\node_modules\make-dir\index.d.ts'

npm manifest: 
  {
    "private": true,
    "scripts": {
      "start": "roadhog server",
      "build": "roadhog build",
      "buildtheme": "lessc src/theme/index.less dist/theme1.css -x",
      "lint": "eslint --ext .js src test",
      "precommit": "npm run lint"
    },
    "dependencies": {
      "antd": "^3.24.2",
      "antd-mobile": "^2.3.1",
      "classnames": "^2.2.6",
      "crypto-js": "^3.1.9-1",
      "dom-to-image": "^2.6.0",
      "dva": "^2.3.1",
      "dva-loading": "^2.0.3",
      "echarts": "4.4.0",
      "echarts-wordcloud": "^1.1.3",
      "html2canvas": "^1.0.0-rc.5",
      "less-vars-to-js": "^1.3.0",
      "moment": "^2.24.0",
      "numeral": "^2.0.6",
      "prop-types": "^15.6.2",
      "qrcode.react": "^0.9.3",
      "rc-collapse": "1.11.7",
      "rc-form": "^2.4.0",
      "rc-tween-one": "^2.6.6",
      "react": "^16.10.2",
      "react-dom": "^16.10.2",
      "react-mobile-imgview": "^1.0.1"
    },
    "devDependencies": {
      "babel-plugin-dva-hmr": "^0.3.2",
      "babel-plugin-import": "^1.8.0",
      "eslint": "^4.14.0",
      "eslint-config-umi": "^0.1.1",
      "eslint-plugin-flowtype": "^2.34.1",
      "eslint-plugin-import": "^2.6.0",
      "eslint-plugin-jsx-a11y": "^5.1.1",
      "eslint-plugin-react": "^7.1.0",
      "husky": "^0.12.0",
      "redbox-react": "^1.4.3",
      "roadhog": "^2.5.0-beta.4"
    }
  }

yarn manifest: 
  No manifest

Lockfile: 
  No lockfile
